<?xml version="1.0" encoding="utf-8"?><testsuites name="pytest tests"><testsuite name="pytest" errors="0" failures="0" skipped="0" tests="20" time="7.578" timestamp="2026-03-15T04:16:32.179169+00:00" hostname="agent-env-b8a153fc-1664-4e69-a8d0-2fb41e97d0b6"><testcase classname="tests.test_security_features.TestSecurityHeaders" name="test_x_frame_options_header" time="0.246" /><testcase classname="tests.test_security_features.TestSecurityHeaders" name="test_x_content_type_options_header" time="0.111" /><testcase classname="tests.test_security_features.TestSecurityHeaders" name="test_x_xss_protection_header" time="0.107" /><testcase classname="tests.test_security_features.TestSecurityHeaders" name="test_referrer_policy_header" time="0.108" /><testcase classname="tests.test_security_features.TestSecurityHeaders" name="test_cache_control_header" time="0.109" /><testcase classname="tests.test_security_features.TestInputSanitization" name="test_xss_in_product_name" time="0.490" /><testcase classname="tests.test_security_features.TestInputSanitization" name="test_xss_in_product_description" time="0.491" /><testcase classname="tests.test_security_features.TestInputSanitization" name="test_xss_in_customer_name" time="0.491" /><testcase classname="tests.test_security_features.TestLoginBruteForceProtection" name="test_login_successful_with_valid_credentials" time="0.869" /><testcase classname="tests.test_security_features.TestLoginBruteForceProtection" name="test_login_fails_with_wrong_password" time="0.692" /><testcase classname="tests.test_security_features.TestLoginBruteForceProtection" name="test_login_fails_with_nonexistent_user" time="0.102" /><testcase classname="tests.test_security_features.TestProductValidation" name="test_product_name_too_long" time="0.443" /><testcase classname="tests.test_security_features.TestProductValidation" name="test_product_price_negative" time="0.446" /><testcase classname="tests.test_security_features.TestProductValidation" name="test_product_price_too_high" time="0.506" /><testcase classname="tests.test_security_features.TestProductValidation" name="test_valid_product_creation" time="0.456" /><testcase classname="tests.test_security_features.TestCustomerValidation" name="test_customer_phone_too_short" time="0.446" /><testcase classname="tests.test_security_features.TestCustomerValidation" name="test_customer_tax_number_too_long" time="0.438" /><testcase classname="tests.test_security_features.TestCustomerValidation" name="test_valid_customer_creation" time="0.760" /><testcase classname="tests.test_security_features.TestRateLimiting" name="test_rate_limit_header_or_response" time="0.100" /><testcase classname="tests.test_security_features.TestRateLimiting" name="test_rate_limit_returns_429_on_excessive_requests" time="0.100" /></testsuite></testsuites>