<?xml version="1.0" encoding="utf-8"?><testsuites name="pytest tests"><testsuite name="pytest" errors="0" failures="0" skipped="0" tests="13" time="9.284" timestamp="2026-03-15T03:44:54.409795+00:00" hostname="agent-env-b8a153fc-1664-4e69-a8d0-2fb41e97d0b6"><testcase classname="backend.tests.test_pdf_excel.TestPDFTemplates" name="test_get_pdf_templates" time="0.665" /><testcase classname="backend.tests.test_pdf_excel.TestPDFTemplates" name="test_select_pdf_template" time="0.130" /><testcase classname="backend.tests.test_pdf_excel.TestPDFTemplates" name="test_select_all_templates" time="0.895" /><testcase classname="backend.tests.test_pdf_excel.TestExcelExport" name="test_create_test_products" time="0.805" /><testcase classname="backend.tests.test_pdf_excel.TestExcelExport" name="test_export_products_excel" time="0.460" /><testcase classname="backend.tests.test_pdf_excel.TestExcelImport" name="test_import_products_excel" time="0.639" /><testcase classname="backend.tests.test_pdf_excel.TestExcelImport" name="test_import_updates_existing_products" time="0.300" /><testcase classname="backend.tests.test_pdf_excel.TestExcelImport" name="test_verify_imported_products" time="0.131" /><testcase classname="backend.tests.test_pdf_excel.TestPDFGenerationWithTemplate" name="test_generate_pdf_with_classic_template" time="1.071" /><testcase classname="backend.tests.test_pdf_excel.TestPDFGenerationWithTemplate" name="test_generate_pdf_with_modern_template" time="0.307" /><testcase classname="backend.tests.test_pdf_excel.TestPDFGenerationWithTemplate" name="test_generate_pdf_with_all_templates" time="1.386" /><testcase classname="backend.tests.test_pdf_excel.TestCleanup" name="test_cleanup_test_products" time="1.885" /><testcase classname="backend.tests.test_pdf_excel.TestCleanup" name="test_cleanup_test_quotes" time="0.262" /></testsuite></testsuites>