<?xml version="1.0" encoding="utf-8"?><testsuites name="pytest tests"><testsuite name="pytest" errors="0" failures="0" skipped="1" tests="12" time="6.163" timestamp="2026-03-15T04:02:57.218034+00:00" hostname="agent-env-b8a153fc-1664-4e69-a8d0-2fb41e97d0b6"><testcase classname="backend.tests.test_new_features.TestPasswordReset" name="test_forgot_password_returns_200" time="0.130" /><testcase classname="backend.tests.test_new_features.TestPasswordReset" name="test_forgot_password_with_valid_email" time="0.502" /><testcase classname="backend.tests.test_new_features.TestPasswordReset" name="test_reset_password_invalid_token" time="0.108" /><testcase classname="backend.tests.test_new_features.TestPasswordReset" name="test_verify_reset_token_invalid" time="0.101" /><testcase classname="backend.tests.test_new_features.TestExcelTemplate" name="test_excel_template_download" time="0.116" /><testcase classname="backend.tests.test_new_features.TestExcelTemplate" name="test_excel_template_content_disposition" time="0.123" /><testcase classname="backend.tests.test_new_features.TestGeneralDiscount" name="test_create_quote_with_percent_discount" time="0.881" /><testcase classname="backend.tests.test_new_features.TestGeneralDiscount" name="test_create_quote_with_amount_discount" time="0.903" /><testcase classname="backend.tests.test_new_features.TestGeneralDiscount" name="test_create_quote_without_discount" time="0.880" /><testcase classname="backend.tests.test_new_features.TestEmailSharing" name="test_email_share_endpoint_exists" time="0.787"><skipped type="pytest.skip" message="Failed to create test quote">/app/backend/tests/test_new_features.py:256: Failed to create test quote</skipped></testcase><testcase classname="backend.tests.test_new_features.TestPdfSettings" name="test_update_pdf_settings" time="0.789" /><testcase classname="backend.tests.test_new_features.TestPdfSettings" name="test_pdf_settings_persist" time="0.791" /></testsuite></testsuites>